2024-07-31 22:40:42 INFO oslo_service.service [[01;36mNone req-97c8f595-d742-4c49-9de5-ab4478f50719 [00;36mNone None] [01;35mCaught SIG_UNBLOCK, stopping children[00m
2024-07-31 22:40:42 DEBUG oslo_concurrency.lockutils [[01;36mNone req-97c8f595-d742-4c49-9de5-ab4478f50719 [00;36mNone None] [01;35mAcquiring lock "singleton_lock"[00m [00;33m{{(pid=3758832) lock /usr/local/lib/python3.10/dist-packages/oslo_concurrency/lockutils.py:312}}[00m
2024-07-31 22:40:42 DEBUG oslo_concurrency.lockutils [[01;36mNone req-97c8f595-d742-4c49-9de5-ab4478f50719 [00;36mNone None] [01;35mAcquired lock "singleton_lock"[00m [00;33m{{(pid=3758832) lock /usr/local/lib/python3.10/dist-packages/oslo_concurrency/lockutils.py:315}}[00m
2024-07-31 22:40:42 DEBUG oslo_concurrency.lockutils [[01;36mNone req-97c8f595-d742-4c49-9de5-ab4478f50719 [00;36mNone None] [01;35mReleasing lock "singleton_lock"[00m [00;33m{{(pid=3758832) lock /usr/local/lib/python3.10/dist-packages/oslo_concurrency/lockutils.py:333}}[00m
2024-07-31 22:40:42 INFO cinder.manager [[01;36mNone req-97c8f595-d742-4c49-9de5-ab4478f50719 [00;36mNone None] [01;35mResetting cached RPC version pins.[00m
2024-07-31 22:40:42 INFO cinder.rpc [[01;36mNone req-97c8f595-d742-4c49-9de5-ab4478f50719 [00;36mNone None] [01;35mAutomatically selected cinder-scheduler objects version 1.39 as minimum service version.[00m
2024-07-31 22:40:42 INFO cinder.rpc [[01;36mNone req-97c8f595-d742-4c49-9de5-ab4478f50719 [00;36mNone None] [01;35mAutomatically selected cinder-scheduler RPC version 3.12 as minimum service version.[00m
2024-07-31 22:40:42 INFO oslo_service.service [[01;36mNone req-97c8f595-d742-4c49-9de5-ab4478f50719 [00;36mNone None] [01;35mChild caught SIG_UNBLOCK, handling[00m
2024-07-31 22:40:42 DEBUG oslo_concurrency.lockutils [[01;36mNone req-97c8f595-d742-4c49-9de5-ab4478f50719 [00;36mNone None] [01;35mAcquiring lock "singleton_lock"[00m [00;33m{{(pid=3758834) lock /usr/local/lib/python3.10/dist-packages/oslo_concurrency/lockutils.py:312}}[00m
2024-07-31 22:40:42 DEBUG oslo_concurrency.lockutils [[01;36mNone req-97c8f595-d742-4c49-9de5-ab4478f50719 [00;36mNone None] [01;35mAcquired lock "singleton_lock"[00m [00;33m{{(pid=3758834) lock /usr/local/lib/python3.10/dist-packages/oslo_concurrency/lockutils.py:315}}[00m
2024-07-31 22:40:42 DEBUG oslo_concurrency.lockutils [[01;36mNone req-97c8f595-d742-4c49-9de5-ab4478f50719 [00;36mNone None] [01;35mReleasing lock "singleton_lock"[00m [00;33m{{(pid=3758834) lock /usr/local/lib/python3.10/dist-packages/oslo_concurrency/lockutils.py:333}}[00m
2024-07-31 22:40:42 INFO cinder.manager [[01;36mNone req-97c8f595-d742-4c49-9de5-ab4478f50719 [00;36mNone None] [01;35mResetting cached RPC version pins.[00m
2024-07-31 22:40:42 INFO cinder.rpc [[01;36mNone req-97c8f595-d742-4c49-9de5-ab4478f50719 [00;36mNone None] [01;35mAutomatically selected cinder-scheduler objects version 1.39 as minimum service version.[00m
2024-07-31 22:40:42 INFO cinder.rpc [[01;36mNone req-97c8f595-d742-4c49-9de5-ab4478f50719 [00;36mNone None] [01;35mAutomatically selected cinder-scheduler RPC version 3.12 as minimum service version.[00m
2024-07-31 22:40:50 DEBUG oslo_service.periodic_task [[01;36mNone req-15e35ed3-f7f7-430d-a58a-825b28e5e8c9 [00;36mNone None] [01;35mRunning periodic task VolumeManager.publish_service_capabilities[00m [00;33m{{(pid=3758834) run_periodic_tasks /usr/local/lib/python3.10/dist-packages/oslo_service/periodic_task.py:210}}[00m
2024-07-31 22:40:50 DEBUG cinder.volume.drivers.ceastor.driver [[01;36mNone req-15e35ed3-f7f7-430d-a58a-825b28e5e8c9 [00;36mNone None] [01;35m==> get_volume_stats: call "{'self': <cinder.volume.drivers.ceastor.driver.CeaStorDriver object at 0x7f1d3452fc40>, 'refresh': True}"[00m [00;33m{{(pid=3758834) trace_logging_wrapper /opt/stack/cinder/cinder/volume/volume_utils.py:1497}}[00m
2024-07-31 22:40:50 DEBUG cinder.volume.drivers.ceastor.driver [[01;36mNone req-15e35ed3-f7f7-430d-a58a-825b28e5e8c9 [00;36mNone None] [01;35m<== get_volume_stats: return (451ms) {'volume_backend_name': 'ceastor_backend', 'vendor_name': 'CeaStor', 'driver_version': '1.0.0', 'storage_protocol': 'nvmeof', 'pools': [{'pool_name': 'af4382a9-3802-41df-9a93-9d82f3c391f9', 'total_capacity_gb': 6638.947792053223, 'free_capacity_gb': 6517.04719543457, 'allocated_capacity_gb': 121.90059661865234, 'provisioned_capacity_gb': 0, 'reserved_percentage': 0, 'max_over_subscription_ratio': '20.0', 'QoS_support': False, 'consistencygroup_support': False, 'multiattach': True, 'thin_provisioning_support': True, 'thick_provisioning_support': True, 'filter_function': None, 'goodness_function': None, 'backend_state': 'up'}]}[00m [00;33m{{(pid=3758834) trace_logging_wrapper /opt/stack/cinder/cinder/volume/volume_utils.py:1522}}[00m
2024-07-31 22:40:50 DEBUG cinder.manager [[01;36mNone req-15e35ed3-f7f7-430d-a58a-825b28e5e8c9 [00;36mNone None] [01;35mNotifying Schedulers of capabilities ...[00m [00;33m{{(pid=3758834) _publish_service_capabilities /opt/stack/cinder/cinder/manager.py:202}}[00m
2024-07-31 22:40:52 DEBUG dbcounter [[00;36m-] [01;35m[3758832] Writing DB stats cinder:SELECT=4[00m [00;33m{{(pid=3758832) stat_writer /usr/local/lib/python3.10/dist-packages/dbcounter.py:114}}[00m
2024-07-31 22:40:52 DEBUG dbcounter [[00;36m-] [01;35m[3758834] Writing DB stats cinder:SELECT=8,cinder:UPDATE=1[00m [00;33m{{(pid=3758834) stat_writer /usr/local/lib/python3.10/dist-packages/dbcounter.py:114}}[00m
